Flutter crash report.
Please report a bug at https://github.com/flutter/flutter/issues.

## command

flutter run --machine --dart-define=flutter.inspector.structuredErrors=false -d TTNDU20C10010352 --profile --devtools-server-address http://127.0.0.1:9100/ --target C:\Users\Lwh20\Documents\GitHub\auto_wifi\lib\main.dart

## exception

String: failed to connect to http://127.0.0.1:55063/xqThAPOEvO4=/ Error: Failed to register service methods on attached VM Service: registerService: (-32000) Service connection disposed

```
```

## flutter doctor

```
[!] Flutter (Channel stable, 3.35.6, on Microsoft Windows [版本 10.0.22631.4112], locale zh-CN) [1,388ms]
    • Flutter version 3.35.6 on channel stable at C:\tools\flutter
    ! Warning: `dart` on your path resolves to C:\tools\dart-sdk\bin\dart.exe, which is not inside your current Flutter SDK checkout at C:\tools\flutter. Consider adding C:\tools\flutter\bin to the front of your path.
    • Upstream repository https://github.com/flutter/flutter.git
    • Framework revision 9f455d2486 (2 weeks ago), 2025-10-08 14:55:31 -0500
    • Engine revision d2913632a4
    • Dart version 3.9.2
    • DevTools version 2.48.0
    • Feature flags: enable-web, enable-linux-desktop, enable-macos-desktop, enable-windows-desktop, enable-android, enable-ios, cli-animations, enable-lldb-debugging
    • If those were intentional, you can disregard the above warnings; however it is recommended to use "git" directly to perform update checks and upgrades.

[✓] Windows Version (11 家庭版 64 位, 23H2, 2009) [4.5s]

[!] Android toolchain - develop for Android devices (Android SDK version 36.0.0) [1,334ms]
    • Android SDK at C:\Users\Lwh20\AppData\Local\Android\sdk
    • Emulator version unknown
    ✗ cmdline-tools component is missing.
      Try installing or updating Android Studio.
      Alternatively, download the tools from https://developer.android.com/studio#command-line-tools-only and make sure to set the ANDROID_HOME environment variable.
      See https://developer.android.com/studio/command-line for more details.
    ✗ Android license status unknown.
      Run `flutter doctor --android-licenses` to accept the SDK licenses.
      See https://flutter.dev/to/windows-android-setup for more details.

[✗] Chrome - develop for the web (Cannot find Chrome executable at .\Google\Chrome\Application\chrome.exe) [838ms]
    ! Cannot find Chrome. Try setting CHROME_EXECUTABLE to a Chrome executable.

[✓] Visual Studio - develop Windows apps (Visual Studio Community 2022 17.14.8) [836ms]
    • Visual Studio at D:\Program Files\Microsoft Visual Studio\2022\Community
    • Visual Studio Community 2022 version 17.14.36301.6
    • Windows 10 SDK version 10.0.26100.0

[✓] Android Studio (version 2025.1.2) [34ms]
    • Android Studio at D:\Program Files\Android\Android Studio
    • Flutter plugin can be installed from:
      🔨 https://plugins.jetbrains.com/plugin/9212-flutter
    • Dart plugin can be installed from:
      🔨 https://plugins.jetbrains.com/plugin/6351-dart
    • Java version OpenJDK Runtime Environment (build 21.0.6+-13391695-b895.109)

[✓] VS Code (version 1.105.1) [22ms]
    • VS Code at C:\Users\Lwh20\AppData\Local\Programs\Microsoft VS Code
    • Flutter extension version 3.120.0

[✓] Connected device (3 available) [636ms]
    • EBG AN10 (mobile) • TTNDU20C10010352 • android-arm64  • Android 12 (API 31)
    • Windows (desktop) • windows          • windows-x64    • Microsoft Windows [版本 10.0.22631.4112]
    • Edge (web)        • edge             • web-javascript • Microsoft Edge 140.0.3485.11

[✓] Network resources [1,280ms]
    • All expected network resources are available.

! Doctor found issues in 3 categories.
```
